#
# There is insufficient memory for the Java Runtime Environment to continue.
# Native memory allocation (mmap) failed to map 197132288 bytes for G1 virtual space
# Possible reasons:
#   The system is out of physical RAM or swap space
#   The process is running with CompressedOops enabled, and the Java Heap may be blocking the growth of the native heap
# Possible solutions:
#   Reduce memory load on the system
#   Increase physical memory or swap space
#   Check if swap backing store is full
#   Decrease Java heap size (-Xmx/-Xms)
#   Decrease number of Java threads
#   Decrease Java thread stack sizes (-Xss)
#   Set larger code cache with -XX:ReservedCodeCacheSize=
#   JVM is running with Zero Based Compressed Oops mode in which the Java heap is
#     placed in the first 32GB address space. The Java Heap base address is the
#     maximum limit for the native heap growth. Please use -XX:HeapBaseMinAddress
#     to set the Java Heap base and to place the Java Heap above 32GB virtual address.
# This output file may be truncated or incomplete.
#
#  Out of Memory Error (os_windows.cpp:3548), pid=14932, tid=9480
#
# JRE version:  (17.0.10+11) (build )
# Java VM: Java HotSpot(TM) 64-Bit Server VM (17.0.10+11-LTS-240, mixed mode, sharing, tiered, compressed oops, compressed class ptrs, g1 gc, windows-amd64)
# No core dump will be written. Minidumps are not enabled by default on client versions of Windows
#

---------------  S U M M A R Y ------------

Command Line: org.jetbrains.kotlin.cli.jvm.K2JVMCompiler @D:\Programming\Mobile-Apps\React-Native\banking\node_modules\@react-native\gradle-plugin\build\20240224_16614659309806823037.compiler.options

Host: 11th Gen Intel(R) Core(TM) i3-1115G4 @ 3.00GHz, 4 cores, 11G,  Windows 11 , 64 bit Build 22621 (10.0.22621.3085)
Time: Sat Feb 24 21:19:38 2024 Egypt Standard Time elapsed time: 0.016547 seconds (0d 0h 0m 0s)

---------------  T H R E A D  ---------------

Current thread (0x0000016f7c94ef90):  JavaThread "Unknown thread" [_thread_in_vm, id=9480, stack(0x0000001597000000,0x0000001597100000)]

Stack: [0x0000001597000000,0x0000001597100000]
Native frames: (J=compiled Java code, j=interpreted, Vv=VM code, C=native code)
V  [jvm.dll+0x677a5a]
V  [jvm.dll+0x7d8b2d]
V  [jvm.dll+0x7da48e]
V  [jvm.dll+0x7daaf3]
V  [jvm.dll+0x2455ff]
V  [jvm.dll+0x6749b9]
V  [jvm.dll+0x669382]
V  [jvm.dll+0x302e96]
V  [jvm.dll+0x30a416]
V  [jvm.dll+0x359cbe]
V  [jvm.dll+0x359eef]
V  [jvm.dll+0x2d9e88]
V  [jvm.dll+0x2dadf4]
V  [jvm.dll+0x7aa551]
V  [jvm.dll+0x367911]
V  [jvm.dll+0x789639]
V  [jvm.dll+0x3eb30f]
V  [jvm.dll+0x3ecd91]
C  [jli.dll+0x5297]
C  [ucrtbase.dll+0x29363]
C  [KERNEL32.DLL+0x1257d]
C  [ntdll.dll+0x5aa58]


---------------  P R O C E S S  ---------------

Threads class SMR info:
_java_thread_list=0x00007fff28ed6a18, length=0, elements={
}

Java Threads: ( => current thread )

Other Threads:
  0x0000016f7c9a52c0 GCTaskThread "GC Thread#0" [stack: 0x0000001597100000,0x0000001597200000] [id=1880]
  0x0000016f7c9b1d50 ConcurrentGCThread "G1 Main Marker" [stack: 0x0000001597200000,0x0000001597300000] [id=10872]
  0x0000016f7c9b2760 ConcurrentGCThread "G1 Conc#0" [stack: 0x0000001597300000,0x0000001597400000] [id=8348]

[error occurred during error reporting (printing all threads), id 0xc0000005, EXCEPTION_ACCESS_VIOLATION (0xc0000005) at pc=0x00007fff2870aae7]

VM state: not at safepoint (not fully initialized)

VM Mutex/Monitor currently owned by a thread:  ([mutex/lock_event])
[0x0000016f7c94cb50] Heap_lock - owner thread: 0x0000016f7c94ef90

Heap address: 0x0000000744c00000, size: 2996 MB, Compressed Oops mode: Zero based, Oop shift amount: 3

CDS archive(s) mapped at: [0x0000000000000000-0x0000000000000000-0x0000000000000000), size 0, SharedBaseAddress: 0x0000000800000000, ArchiveRelocationMode: 1.
Narrow klass base: 0x0000000000000000, Narrow klass shift: 0, Narrow klass range: 0x0

GC Precious Log:
<Empty>

Heap:
 garbage-first heap   total 0K, used 0K [0x0000000744c00000, 0x0000000800000000)
  region size 2048K, 0 young (0K), 0 survivors (0K)

[error occurred during error reporting (printing heap information), id 0xc0000005, EXCEPTION_ACCESS_VIOLATION (0xc0000005) at pc=0x00007fff28af1249]

GC Heap History (0 events):
No events

Deoptimization events (0 events):
No events

Classes unloaded (0 events):
No events

Classes redefined (0 events):
No events

Internal exceptions (0 events):
No events

VM Operations (0 events):
No events

Events (1 events):
Event: 0.007 Loaded shared library C:\Program Files\Java\jdk-17\bin\java.dll


Dynamic libraries:
0x00007ff735350000 - 0x00007ff735360000 	C:\Program Files\Java\jdk-17\bin\java.exe
0x00007fffefad0000 - 0x00007fffefce7000 	C:\Windows\SYSTEM32\ntdll.dll
0x00007fffeebb0000 - 0x00007fffeec74000 	C:\Windows\System32\KERNEL32.DLL
0x00007fffed260000 - 0x00007fffed606000 	C:\Windows\System32\KERNELBASE.dll
0x00007fffed6d0000 - 0x00007fffed7e1000 	C:\Windows\System32\ucrtbase.dll
0x00007fffc5190000 - 0x00007fffc51a9000 	C:\Program Files\Java\jdk-17\bin\jli.dll
0x00007fffc30f0000 - 0x00007fffc310b000 	C:\Program Files\Java\jdk-17\bin\VCRUNTIME140.dll
0x00007fffef7c0000 - 0x00007fffef873000 	C:\Windows\System32\ADVAPI32.dll
0x00007fffeeb00000 - 0x00007fffeeba7000 	C:\Windows\System32\msvcrt.dll
0x00007fffef9e0000 - 0x00007fffefa88000 	C:\Windows\System32\sechost.dll
0x00007fffecf20000 - 0x00007fffecf48000 	C:\Windows\System32\bcrypt.dll
0x00007fffeda60000 - 0x00007fffedb77000 	C:\Windows\System32\RPCRT4.dll
0x00007fffede30000 - 0x00007fffedfde000 	C:\Windows\System32\USER32.dll
0x00007fffed7f0000 - 0x00007fffed816000 	C:\Windows\System32\win32u.dll
0x00007fffeee30000 - 0x00007fffeee59000 	C:\Windows\System32\GDI32.dll
0x00007fffed140000 - 0x00007fffed258000 	C:\Windows\System32\gdi32full.dll
0x00007fffece10000 - 0x00007fffeceaa000 	C:\Windows\System32\msvcp_win.dll
0x00007fffbd1b0000 - 0x00007fffbd443000 	C:\Windows\WinSxS\amd64_microsoft.windows.common-controls_6595b64144ccf1df_6.0.22621.2506_none_270c5ae97388e100\COMCTL32.dll
0x00007fffe43f0000 - 0x00007fffe43fa000 	C:\Windows\SYSTEM32\VERSION.dll
0x00007fffeec80000 - 0x00007fffeecb1000 	C:\Windows\System32\IMM32.DLL
0x00007fffe5090000 - 0x00007fffe509c000 	C:\Program Files\Java\jdk-17\bin\vcruntime140_1.dll
0x00007fff97470000 - 0x00007fff974fe000 	C:\Program Files\Java\jdk-17\bin\msvcp140.dll
0x00007fff28420000 - 0x00007fff28fff000 	C:\Program Files\Java\jdk-17\bin\server\jvm.dll
0x00007fffee820000 - 0x00007fffee828000 	C:\Windows\System32\PSAPI.DLL
0x00007fffb6590000 - 0x00007fffb6599000 	C:\Windows\SYSTEM32\WSOCK32.dll
0x00007fffeea30000 - 0x00007fffeeaa1000 	C:\Windows\System32\WS2_32.dll
0x00007fffe1e10000 - 0x00007fffe1e44000 	C:\Windows\SYSTEM32\WINMM.dll
0x00007fffebf10000 - 0x00007fffebf28000 	C:\Windows\SYSTEM32\kernel.appcore.dll
0x00007fffc5310000 - 0x00007fffc531a000 	C:\Program Files\Java\jdk-17\bin\jimage.dll
0x00007fffea8b0000 - 0x00007fffeaae3000 	C:\Windows\SYSTEM32\DBGHELP.DLL
0x00007fffee460000 - 0x00007fffee7e9000 	C:\Windows\System32\combase.dll
0x00007fffeed50000 - 0x00007fffeee27000 	C:\Windows\System32\OLEAUT32.dll
0x00007fffd8030000 - 0x00007fffd8062000 	C:\Windows\SYSTEM32\dbgcore.DLL
0x00007fffecf50000 - 0x00007fffecfca000 	C:\Windows\System32\bcryptPrimitives.dll
0x00007fffb2a20000 - 0x00007fffb2a45000 	C:\Program Files\Java\jdk-17\bin\java.dll

dbghelp: loaded successfully - version: 4.0.5 - missing functions: none
symbol engine: initialized successfully - sym options: 0x614 - pdb path: .;C:\Program Files\Java\jdk-17\bin;C:\Windows\SYSTEM32;C:\Windows\WinSxS\amd64_microsoft.windows.common-controls_6595b64144ccf1df_6.0.22621.2506_none_270c5ae97388e100;C:\Program Files\Java\jdk-17\bin\server

VM Arguments:
java_command: org.jetbrains.kotlin.cli.jvm.K2JVMCompiler @D:\Programming\Mobile-Apps\React-Native\banking\node_modules\@react-native\gradle-plugin\build\20240224_16614659309806823037.compiler.options
java_class_path (initial): C:\Users\khale\.gradle\caches\modules-2\files-2.1\org.jetbrains.kotlin\kotlin-compiler-embeddable\1.8.0\eb9118d4bcceaa2a94b2ae2a33a4ddba7c9a947f\kotlin-compiler-embeddable-1.8.0.jar;C:\Users\khale\.gradle\caches\modules-2\files-2.1\org.jetbrains.kotlin\kotlin-stdlib\1.8.0\1796921c7a3e2e2665a83e6c8d33399336cd39bc\kotlin-stdlib-1.8.0.jar;C:\Users\khale\.gradle\caches\modules-2\files-2.1\org.jetbrains.kotlin\kotlin-script-runtime\1.8.0\b2f7e760d283cb339974851c222a4c1d48f2d3d\kotlin-script-runtime-1.8.0.jar;C:\Users\khale\.gradle\caches\modules-2\files-2.1\org.jetbrains.kotlin\kotlin-reflect\1.6.10\1cbe9c92c12a94eea200d23c2bbaedaf3daf5132\kotlin-reflect-1.6.10.jar;C:\Users\khale\.gradle\caches\modules-2\files-2.1\org.jetbrains.kotlin\kotlin-daemon-embeddable\1.8.0\d255216c551685dc3a7e852b53617f5f01aaaa5c\kotlin-daemon-embeddable-1.8.0.jar;C:\Users\khale\.gradle\caches\modules-2\files-2.1\org.jetbrains.intellij.deps\trove4j\1.0.20200330\3afb14d5f9ceb459d724e907a21145e8ff394f02\trove4j-1.0.20200330.jar;C:\Users\khale\.gradle\caches\modules-2\files-2.1\net.java.dev.jna\jna\5.6.0\330f2244e9030119ab3030fc3fededc86713d9cc\jna-5.6.0.jar;C:\Users\khale\.gradle\caches\modules-2\files-2.1\org.jetbrains.kotlin\kotlin-stdlib-common\1.8.0\f7197e7cc76453ac59f8b0f8d5137cc600becd36\kotlin-stdlib-common-1.8.0.jar;C:\Users\khale\.gradle\caches\modules-2\files-2.1\org.jetbrains\annotations\13.0\919f0dfe192fb4e063e7dacadee7f8bb9a2672a9\annotations-13.0.jar
Launcher Type: SUN_STANDARD

[Global flags]
     intx CICompilerCount                          = 3                                         {product} {ergonomic}
     uint ConcGCThreads                            = 1                                         {product} {ergonomic}
     uint G1ConcRefinementThreads                  = 4                                         {product} {ergonomic}
   size_t G1HeapRegionSize                         = 2097152                                   {product} {ergonomic}
    uintx GCDrainStackTargetSize                   = 64                                        {product} {ergonomic}
   size_t InitialHeapSize                          = 197132288                                 {product} {ergonomic}
   size_t MarkStackSize                            = 4194304                                   {product} {ergonomic}
   size_t MaxHeapSize                              = 3141533696                                {product} {ergonomic}
   size_t MinHeapDeltaBytes                        = 2097152                                   {product} {ergonomic}
   size_t MinHeapSize                              = 8388608                                   {product} {ergonomic}
    uintx NonNMethodCodeHeapSize                   = 5832780                                {pd product} {ergonomic}
    uintx NonProfiledCodeHeapSize                  = 122912730                              {pd product} {ergonomic}
    uintx ProfiledCodeHeapSize                     = 122912730                              {pd product} {ergonomic}
    uintx ReservedCodeCacheSize                    = 251658240                              {pd product} {ergonomic}
     bool SegmentedCodeCache                       = true                                      {product} {ergonomic}
   size_t SoftMaxHeapSize                          = 3141533696                             {manageable} {ergonomic}
     bool UseCompressedClassPointers               = true                           {product lp64_product} {ergonomic}
     bool UseCompressedOops                        = true                           {product lp64_product} {ergonomic}
     bool UseG1GC                                  = true                                      {product} {ergonomic}
     bool UseLargePagesIndividualAllocation        = false                                  {pd product} {ergonomic}

Logging:
Log output configuration:
 #0: stdout all=warning uptime,level,tags
 #1: stderr all=off uptime,level,tags

Environment Variables:
JAVA_HOME=C:\Program Files\Java\jdk-17
CLASSPATH=D:\Programming\Mobile-Apps\React-Native\banking\android\\gradle\wrapper\gradle-wrapper.jar
PATH=D:\Programming\Mobile-Apps\React-Native\banking\node_modules\.bin;D:\Programming\Mobile-Apps\React-Native\banking\node_modules\.bin;D:\Programming\Mobile-Apps\React-Native\node_modules\.bin;D:\Programming\Mobile-Apps\node_modules\.bin;D:\Programming\node_modules\.bin;D:\node_modules\.bin;C:\Program Files\nodejs\node_modules\npm\node_modules\@npmcli\run-script\lib\node-gyp-bin;D:\Programming\Mobile-Apps\React-Native\banking\node_modules\.bin;D:\Programming\Mobile-Apps\React-Native\node_modules\.bin;D:\Programming\Mobile-Apps\node_modules\.bin;D:\Programming\node_modules\.bin;D:\node_modules\.bin;C:\Program Files\nodejs\node_modules\npm\node_modules\@npmcli\run-script\lib\node-gyp-bin;C:\Users\khale\bin;C:\Program Files\Git\mingw64\bin;C:\Program Files\Git\usr\local\bin;C:\Program Files\Git\usr\bin;C:\Program Files\Git\usr\bin;C:\Program Files\Git\mingw64\bin;C:\Program Files\Git\usr\bin;C:\Users\khale\bin;C:\Program Files\Common Files\Oracle\Java\javapath;C:\Program Files (x86)\Common Files\Intel\Shared Libraries\redist\intel64\compiler;C:\Windows\system32;C:\Windows;C:\Windows\System32\Wbem;C:\Windows\System32\WindowsPowerShell\v1.0;C:\Windows\System32\OpenSSH;C:\Program Files\Microsoft SQL Server\150\Tools\Binn;C:\Program Files\nodejs;C:\Program Files\Git\cmd;C:\Program Files (x86)\ZeroTier\One;C:\Program Files\Docker\Docker\resources\bin;C:\Users\khale\AppData\Local\Programs\Python\Python39;C:\Users\khale\AppData\Local\Programs\Python\Python39\Scripts;C:\xampp\php;C:\ProgramData\ComposerSetup\bin;C:\Users\khale\AppData\Local\Microsoft\WindowsApps;C:\Users\khale\AppData\Local\Programs\Microsoft VS Code\bin;C:\Users\khale\AppData\Roaming\npm;C:\flutter\bin;C:\Windows\System32;C:\Windows\System32\WindowsPowerShell\v1.0;C:\Program Files\Git\usr\bin\git.exe;C:\Program Files\Git\cmd;D:\Programming\Android-emulator\sdk\platform-tools;D:\Programming\Android-emulator\sdk\tools\bin;C:\Program Files\Java\jdk-15.0.1\bin;C:\Users\khale\AppData\Local\Programs\Python\Python39;
USERNAME=khale
SHELL=C:\Program Files\Git\usr\bin\bash.exe
DISPLAY=needs-to-be-defined
LANG=en_US.UTF-8
OS=Windows_NT
PROCESSOR_IDENTIFIER=Intel64 Family 6 Model 140 Stepping 1, GenuineIntel



---------------  S Y S T E M  ---------------

OS:
 Windows 11 , 64 bit Build 22621 (10.0.22621.3085)
OS uptime: 0 days 6:14 hours
Hyper-V role detected

CPU: total 4 (initial active 4) (2 cores per cpu, 2 threads per core) family 6 model 140 stepping 1 microcode 0x86, cx8, cmov, fxsr, ht, mmx, 3dnowpref, sse, sse2, sse3, ssse3, sse4.1, sse4.2, popcnt, lzcnt, tsc, tscinvbit, avx, avx2, aes, erms, clmul, bmi1, bmi2, adx, avx512f, avx512dq, avx512cd, avx512bw, avx512vl, sha, fma, vzeroupper, avx512_vpopcntdq, avx512_vpclmulqdq, avx512_vaes, avx512_vnni, clflush, clflushopt, clwb, avx512_vbmi2, avx512_vbmi, hv

Memory: 4k page, system-wide physical 11982M (291M free)
TotalPageFile size 16713M (AvailPageFile size 136M)
current process WorkingSet (physical memory assigned to process): 11M, peak: 11M
current process commit charge ("private bytes"): 52M, peak: 239M

vm_info: Java HotSpot(TM) 64-Bit Server VM (17.0.10+11-LTS-240) for windows-amd64 JRE (17.0.10+11-LTS-240), built on Dec 19 2023 21:47:25 by "mach5one" with MS VC++ 17.1 (VS2022)

END.
